  ΓÇó electron-builder  version=26.8.1 os=10.0.26200
  ΓÇó loaded configuration  file=package.json ("build" field)
  ΓÇó description is missed in the package.json  appPackageFile=C:\Users\Enrique Saavedra\Documents\Programa ACT\package.json
  ΓÇó author is missed in the package.json  appPackageFile=C:\Users\Enrique Saavedra\Documents\Programa ACT\package.json
  ΓÇó executing @electron/rebuild  electronVersion=40.6.1 arch=x64 buildFromSource=false workspaceRoot=C:\Users\Enrique Saavedra\Documents\Programa ACT projectDir=./ appDir=./
  ΓÇó installing native dependencies  arch=x64
  ΓÇó completed installing native dependencies
  ΓÇó packaging       platform=win32 arch=x64 electron=40.6.1 appOutDir=dist\win-unpacked
  ΓÇó searching for node modules  pm=npm searchDir=C:\Users\Enrique Saavedra\Documents\Programa ACT
  ΓÇó duplicate dependency references  dependencies=["react-dom@19.2.4"]
  ΓÇó updating asar integrity executable resource  executablePath=dist\win-unpacked\Proyectos ACT.exe
  ΓÇó downloading     url=https://github.com/electron-userland/electron-builder-binaries/releases/download/winCodeSign-2.6.0/winCodeSign-2.6.0.7z size=5.6 MB parts=1
  ΓÇó downloaded      url=https://github.com/electron-userland/electron-builder-binaries/releases/download/winCodeSign-2.6.0/winCodeSign-2.6.0.7z duration=15.82s
  Γ¿» cannot execute  cause=exit status 2
                    out=
    7-Zip (a) 21.07 (x64) : Copyright (c) 1999-2021 Igor Pavlov : 2021-12-26
    
    Scanning the drive for archives:
    1 file, 5635384 bytes (5504 KiB)
    
    Extracting archive: C:\Users\Enrique Saavedra\AppData\Local\electron-builder\Cache\winCodeSign\465370951.7z
    --
    Path = C:\Users\Enrique Saavedra\AppData\Local\electron-builder\Cache\winCodeSign\465370951.7z
    Type = 7z
    Physical Size = 5635384
    Headers Size = 1492
    Method = LZMA2:24m LZMA:20 BCJ2
    Solid = +
    Blocks = 2
    
    
    Sub items Errors: 2
    
    Archives with Errors: 1
    
    Sub items Errors: 2
    
                    errorOut=ERROR: Cannot create symbolic link : A required privilege is not held by the client. : C:\Users\Enrique Saavedra\AppData\Local\electron-builder\Cache\winCodeSign\465370951\darwin\10.12\lib\libcrypto.dylib
    ERROR: Cannot create symbolic link : A required privilege is not held by the client. : C:\Users\Enrique Saavedra\AppData\Local\electron-builder\Cache\winCodeSign\465370951\darwin\10.12\lib\libssl.dylib
    
                    command='C:\Users\Enrique Saavedra\Documents\Programa ACT\node_modules\7zip-bin\win\x64\7za.exe' x -snld -bd 'C:\Users\Enrique Saavedra\AppData\Local\electron-builder\Cache\winCodeSign\465370951.7z' '-oC:\Users\Enrique Saavedra\AppData\Local\electron-builder\Cache\winCodeSign\465370951'
                    workingDir=C:\Users\Enrique Saavedra\AppData\Local\electron-builder\Cache\winCodeSign
  ΓÇó downloading     url=https://github.com/electron-userland/electron-builder-binaries/releases/download/winCodeSign-2.6.0/winCodeSign-2.6.0.7z size=5.6 MB parts=1
  ΓÇó downloaded      url=https://github.com/electron-userland/electron-builder-binaries/releases/download/winCodeSign-2.6.0/winCodeSign-2.6.0.7z duration=3.599s
  Γ¿» cannot execute  cause=exit status 2
                    out=
    7-Zip (a) 21.07 (x64) : Copyright (c) 1999-2021 Igor Pavlov : 2021-12-26
    
    Scanning the drive for archives:
    1 file, 5635384 bytes (5504 KiB)
    
    Extracting archive: C:\Users\Enrique Saavedra\AppData\Local\electron-builder\Cache\winCodeSign\100476499.7z
    --
    Path = C:\Users\Enrique Saavedra\AppData\Local\electron-builder\Cache\winCodeSign\100476499.7z
    Type = 7z
    Physical Size = 5635384
    Headers Size = 1492
    Method = LZMA2:24m LZMA:20 BCJ2
    Solid = +
    Blocks = 2
    
    
    Sub items Errors: 2
    
    Archives with Errors: 1
    
    Sub items Errors: 2
    
                    errorOut=ERROR: Cannot create symbolic link : A required privilege is not held by the client. : C:\Users\Enrique Saavedra\AppData\Local\electron-builder\Cache\winCodeSign\100476499\darwin\10.12\lib\libcrypto.dylib
    ERROR: Cannot create symbolic link : A required privilege is not held by the client. : C:\Users\Enrique Saavedra\AppData\Local\electron-builder\Cache\winCodeSign\100476499\darwin\10.12\lib\libssl.dylib
    
                    command='C:\Users\Enrique Saavedra\Documents\Programa ACT\node_modules\7zip-bin\win\x64\7za.exe' x -snld -bd 'C:\Users\Enrique Saavedra\AppData\Local\electron-builder\Cache\winCodeSign\100476499.7z' '-oC:\Users\Enrique Saavedra\AppData\Local\electron-builder\Cache\winCodeSign\100476499'
                    workingDir=C:\Users\Enrique Saavedra\AppData\Local\electron-builder\Cache\winCodeSign
  ΓÇó downloading     url=https://github.com/electron-userland/electron-builder-binaries/releases/download/winCodeSign-2.6.0/winCodeSign-2.6.0.7z size=5.6 MB parts=1
  ΓÇó downloaded      url=https://github.com/electron-userland/electron-builder-binaries/releases/download/winCodeSign-2.6.0/winCodeSign-2.6.0.7z duration=3.644s
  Γ¿» cannot execute  cause=exit status 2
                    out=
    7-Zip (a) 21.07 (x64) : Copyright (c) 1999-2021 Igor Pavlov : 2021-12-26
    
    Scanning the drive for archives:
    1 file, 5635384 bytes (5504 KiB)
    
    Extracting archive: C:\Users\Enrique Saavedra\AppData\Local\electron-builder\Cache\winCodeSign\178445303.7z
    --
    Path = C:\Users\Enrique Saavedra\AppData\Local\electron-builder\Cache\winCodeSign\178445303.7z
    Type = 7z
    Physical Size = 5635384
    Headers Size = 1492
    Method = LZMA2:24m LZMA:20 BCJ2
    Solid = +
    Blocks = 2
    
    
    Sub items Errors: 2
    
    Archives with Errors: 1
    
    Sub items Errors: 2
    
                    errorOut=ERROR: Cannot create symbolic link : A required privilege is not held by the client. : C:\Users\Enrique Saavedra\AppData\Local\electron-builder\Cache\winCodeSign\178445303\darwin\10.12\lib\libcrypto.dylib
    ERROR: Cannot create symbolic link : A required privilege is not held by the client. : C:\Users\Enrique Saavedra\AppData\Local\electron-builder\Cache\winCodeSign\178445303\darwin\10.12\lib\libssl.dylib
    
                    command='C:\Users\Enrique Saavedra\Documents\Programa ACT\node_modules\7zip-bin\win\x64\7za.exe' x -snld -bd 'C:\Users\Enrique Saavedra\AppData\Local\electron-builder\Cache\winCodeSign\178445303.7z' '-oC:\Users\Enrique Saavedra\AppData\Local\electron-builder\Cache\winCodeSign\178445303'
                    workingDir=C:\Users\Enrique Saavedra\AppData\Local\electron-builder\Cache\winCodeSign
  ΓÇó downloading     url=https://github.com/electron-userland/electron-builder-binaries/releases/download/winCodeSign-2.6.0/winCodeSign-2.6.0.7z size=5.6 MB parts=1
  ΓÇó downloaded      url=https://github.com/electron-userland/electron-builder-binaries/releases/download/winCodeSign-2.6.0/winCodeSign-2.6.0.7z duration=3.485s
  Γ¿» cannot execute  cause=exit status 2
                    out=
    7-Zip (a) 21.07 (x64) : Copyright (c) 1999-2021 Igor Pavlov : 2021-12-26
    
    Scanning the drive for archives:
    1 file, 5635384 bytes (5504 KiB)
    
    Extracting archive: C:\Users\Enrique Saavedra\AppData\Local\electron-builder\Cache\winCodeSign\552611579.7z
    --
    Path = C:\Users\Enrique Saavedra\AppData\Local\electron-builder\Cache\winCodeSign\552611579.7z
    Type = 7z
    Physical Size = 5635384
    Headers Size = 1492
    Method = LZMA2:24m LZMA:20 BCJ2
    Solid = +
    Blocks = 2
    
    
    Sub items Errors: 2
    
    Archives with Errors: 1
    
    Sub items Errors: 2
    
                    errorOut=ERROR: Cannot create symbolic link : A required privilege is not held by the client. : C:\Users\Enrique Saavedra\AppData\Local\electron-builder\Cache\winCodeSign\552611579\darwin\10.12\lib\libcrypto.dylib
    ERROR: Cannot create symbolic link : A required privilege is not held by the client. : C:\Users\Enrique Saavedra\AppData\Local\electron-builder\Cache\winCodeSign\552611579\darwin\10.12\lib\libssl.dylib
    
                    command='C:\Users\Enrique Saavedra\Documents\Programa ACT\node_modules\7zip-bin\win\x64\7za.exe' x -snld -bd 'C:\Users\Enrique Saavedra\AppData\Local\electron-builder\Cache\winCodeSign\552611579.7z' '-oC:\Users\Enrique Saavedra\AppData\Local\electron-builder\Cache\winCodeSign\552611579'
                    workingDir=C:\Users\Enrique Saavedra\AppData\Local\electron-builder\Cache\winCodeSign
